==123403== Memcheck, a memory error detector
==123403== Copyright (C) 2002-2022, and GNU GPL'd, by Julian Seward et al.
==123403== Using Valgrind-3.22.0 and LibVEX; rerun with -h for copyright info
==123403== Command: ./so_long maps/sample.ber
==123403== Parent PID: 3166
==123403== 
==123403== 
==123403== FILE DESCRIPTORS: 4 open (3 std) at exit.
==123403== Open file descriptor 3: /home/marcos/Documentos/Programming/C/42/src/so_long/valgrind.log
==123403==    <inherited from parent>
==123403== 
==123403== 
==123403== HEAP SUMMARY:
==123403==     in use at exit: 304,243 bytes in 3,350 blocks
==123403==   total heap usage: 122,936 allocs, 119,586 frees, 34,790,818 bytes allocated
==123403== 
==123403== 8 bytes in 1 blocks are still reachable in loss record 2 of 2,572
==123403==    at 0x4846828: malloc (in /usr/libexec/valgrind/vgpreload_memcheck-amd64-linux.so)
==123403==    by 0x4C47009: _XimOpenIM (in /usr/lib/x86_64-linux-gnu/libX11.so.6.4.0)
==123403==    by 0x488F61D: glfwInit (in /usr/lib/x86_64-linux-gnu/libglfw.so.3.3)
==123403==    by 0x10C791: mlx_init (in /home/marcos/Documentos/Programming/C/42/src/so_long/so_long)
==123403==    by 0x10B54D: init_game (game_utils_bonus.c:46)
==123403==    by 0x10A73C: main (so_long_bonus.c:24)
==123403== 
==123403== 10 bytes in 1 blocks are still reachable in loss record 3 of 2,572
==123403==    at 0x4846828: malloc (in /usr/libexec/valgrind/vgpreload_memcheck-amd64-linux.so)
==123403==    by 0x4C35FF5: _XlcDefaultMapModifiers (in /usr/lib/x86_64-linux-gnu/libX11.so.6.4.0)
==123403==    by 0x4C3A81A: XSetLocaleModifiers (in /usr/lib/x86_64-linux-gnu/libX11.so.6.4.0)
==123403==    by 0x488F60B: glfwInit (in /usr/lib/x86_64-linux-gnu/libglfw.so.3.3)
==123403==    by 0x10C791: mlx_init (in /home/marcos/Documentos/Programming/C/42/src/so_long/so_long)
==123403==    by 0x10B54D: init_game (game_utils_bonus.c:46)
==123403==    by 0x10A73C: main (so_long_bonus.c:24)
==123403== 
==123403== 12 bytes in 1 blocks are still reachable in loss record 4 of 2,572
==123403==    at 0x4846828: malloc (in /usr/libexec/valgrind/vgpreload_memcheck-amd64-linux.so)
==123403==    by 0x499435E: strdup (strdup.c:42)
==123403==    by 0x4C35C87: _XlcCreateLC (in /usr/lib/x86_64-linux-gnu/libX11.so.6.4.0)
==123403==    by 0x4C57E39: _XlcUtf8Loader (in /usr/lib/x86_64-linux-gnu/libX11.so.6.4.0)
==123403==    by 0x4C3A130: _XOpenLC (in /usr/lib/x86_64-linux-gnu/libX11.so.6.4.0)
==123403==    by 0x4C3AB76: _XrmInitParseInfo (in /usr/lib/x86_64-linux-gnu/libX11.so.6.4.0)
==123403==    by 0x4C240AF: ??? (in /usr/lib/x86_64-linux-gnu/libX11.so.6.4.0)
==123403==    by 0x4C24532: XrmGetStringDatabase (in /usr/lib/x86_64-linux-gnu/libX11.so.6.4.0)
==123403==    by 0x488E0E7: glfwInit (in /usr/lib/x86_64-linux-gnu/libglfw.so.3.3)
==123403==    by 0x10C791: mlx_init (in /home/marcos/Documentos/Programming/C/42/src/so_long/so_long)
==123403==    by 0x10B54D: init_game (game_utils_bonus.c:46)
==123403==    by 0x10A73C: main (so_long_bonus.c:24)
==123403== 
==123403== 16 bytes in 1 blocks are still reachable in loss record 5 of 2,572
==123403==    at 0x4846828: malloc (in /usr/libexec/valgrind/vgpreload_memcheck-amd64-linux.so)
==123403==    by 0x4C360FF: _XlcAddLoader (in /usr/lib/x86_64-linux-gnu/libX11.so.6.4.0)
==123403==    by 0x4C36175: _XlcInitLoader (in /usr/lib/x86_64-linux-gnu/libX11.so.6.4.0)
==123403==    by 0x4C3A108: _XOpenLC (in /usr/lib/x86_64-linux-gnu/libX11.so.6.4.0)
==123403==    by 0x4C3AB76: _XrmInitParseInfo (in /usr/lib/x86_64-linux-gnu/libX11.so.6.4.0)
==123403==    by 0x4C240AF: ??? (in /usr/lib/x86_64-linux-gnu/libX11.so.6.4.0)
==123403==    by 0x4C24532: XrmGetStringDatabase (in /usr/lib/x86_64-linux-gnu/libX11.so.6.4.0)
==123403==    by 0x488E0E7: glfwInit (in /usr/lib/x86_64-linux-gnu/libglfw.so.3.3)
==123403==    by 0x10C791: mlx_init (in /home/marcos/Documentos/Programming/C/42/src/so_long/so_long)
==123403==    by 0x10B54D: init_game (game_utils_bonus.c:46)
==123403==    by 0x10A73C: main (so_long_bonus.c:24)
==123403== 
==123403== 16 bytes in 1 blocks are still reachable in loss record 6 of 2,572
==123403==    at 0x4846828: malloc (in /usr/libexec/valgrind/vgpreload_memcheck-amd64-linux.so)
==123403==    by 0x4C360FF: _XlcAddLoader (in /usr/lib/x86_64-linux-gnu/libX11.so.6.4.0)
==123403==    by 0x4C36183: _XlcInitLoader (in /usr/lib/x86_64-linux-gnu/libX11.so.6.4.0)
==123403==    by 0x4C3A108: _XOpenLC (in /usr/lib/x86_64-linux-gnu/libX11.so.6.4.0)
==123403==    by 0x4C3AB76: _XrmInitParseInfo (in /usr/lib/x86_64-linux-gnu/libX11.so.6.4.0)
==123403==    by 0x4C240AF: ??? (in /usr/lib/x86_64-linux-gnu/libX11.so.6.4.0)
==123403==    by 0x4C24532: XrmGetStringDatabase (in /usr/lib/x86_64-linux-gnu/libX11.so.6.4.0)
==123403==    by 0x488E0E7: glfwInit (in /usr/lib/x86_64-linux-gnu/libglfw.so.3.3)
==123403==    by 0x10C791: mlx_init (in /home/marcos/Documentos/Programming/C/42/src/so_long/so_long)
==123403==    by 0x10B54D: init_game (game_utils_bonus.c:46)
==123403==    by 0x10A73C: main (so_long_bonus.c:24)
==123403== 
==123403== 16 bytes in 1 blocks are still reachable in loss record 7 of 2,572
==123403==    at 0x4846828: malloc (in /usr/libexec/valgrind/vgpreload_memcheck-amd64-linux.so)
==123403==    by 0x4C360FF: _XlcAddLoader (in /usr/lib/x86_64-linux-gnu/libX11.so.6.4.0)
==123403==    by 0x4C3A108: _XOpenLC (in /usr/lib/x86_64-linux-gnu/libX11.so.6.4.0)
==123403==    by 0x4C3AB76: _XrmInitParseInfo (in /usr/lib/x86_64-linux-gnu/libX11.so.6.4.0)
==123403==    by 0x4C240AF: ??? (in /usr/lib/x86_64-linux-gnu/libX11.so.6.4.0)
==123403==    by 0x4C24532: XrmGetStringDatabase (in /usr/lib/x86_64-linux-gnu/libX11.so.6.4.0)
==123403==    by 0x488E0E7: glfwInit (in /usr/lib/x86_64-linux-gnu/libglfw.so.3.3)
==123403==    by 0x10C791: mlx_init (in /home/marcos/Documentos/Programming/C/42/src/so_long/so_long)
==123403==    by 0x10B54D: init_game (game_utils_bonus.c:46)
==123403==    by 0x10A73C: main (so_long_bonus.c:24)
==123403== 
==123403== 16 bytes in 1 blocks are still reachable in loss record 8 of 2,572
==123403==    at 0x4846828: malloc (in /usr/libexec/valgrind/vgpreload_memcheck-amd64-linux.so)
==123403==    by 0x4C3A142: _XOpenLC (in /usr/lib/x86_64-linux-gnu/libX11.so.6.4.0)
==123403==    by 0x4C3AB76: _XrmInitParseInfo (in /usr/lib/x86_64-linux-gnu/libX11.so.6.4.0)
==123403==    by 0x4C240AF: ??? (in /usr/lib/x86_64-linux-gnu/libX11.so.6.4.0)
==123403==    by 0x4C24532: XrmGetStringDatabase (in /usr/lib/x86_64-linux-gnu/libX11.so.6.4.0)
==123403==    by 0x488E0E7: glfwInit (in /usr/lib/x86_64-linux-gnu/libglfw.so.3.3)
==123403==    by 0x10C791: mlx_init (in /home/marcos/Documentos/Programming/C/42/src/so_long/so_long)
==123403==    by 0x10B54D: init_game (game_utils_bonus.c:46)
==123403==    by 0x10A73C: main (so_long_bonus.c:24)
==123403== 
==123403== 24 bytes in 1 blocks are still reachable in loss record 39 of 2,572
==123403==    at 0x484D953: calloc (in /usr/libexec/valgrind/vgpreload_memcheck-amd64-linux.so)
==123403==    by 0x4C33F52: ??? (in /usr/lib/x86_64-linux-gnu/libX11.so.6.4.0)
==123403==    by 0x4C35C1A: _XlcCreateLC (in /usr/lib/x86_64-linux-gnu/libX11.so.6.4.0)
==123403==    by 0x4C57E39: _XlcUtf8Loader (in /usr/lib/x86_64-linux-gnu/libX11.so.6.4.0)
==123403==    by 0x4C3A130: _XOpenLC (in /usr/lib/x86_64-linux-gnu/libX11.so.6.4.0)
==123403==    by 0x4C3AB76: _XrmInitParseInfo (in /usr/lib/x86_64-linux-gnu/libX11.so.6.4.0)
==123403==    by 0x4C240AF: ??? (in /usr/lib/x86_64-linux-gnu/libX11.so.6.4.0)
==123403==    by 0x4C24532: XrmGetStringDatabase (in /usr/lib/x86_64-linux-gnu/libX11.so.6.4.0)
==123403==    by 0x488E0E7: glfwInit (in /usr/lib/x86_64-linux-gnu/libglfw.so.3.3)
==123403==    by 0x10C791: mlx_init (in /home/marcos/Documentos/Programming/C/42/src/so_long/so_long)
==123403==    by 0x10B54D: init_game (game_utils_bonus.c:46)
==123403==    by 0x10A73C: main (so_long_bonus.c:24)
==123403== 
==123403== 48 bytes in 1 blocks are still reachable in loss record 1,981 of 2,572
==123403==    at 0x4846828: malloc (in /usr/libexec/valgrind/vgpreload_memcheck-amd64-linux.so)
==123403==    by 0x4C29C6F: ??? (in /usr/lib/x86_64-linux-gnu/libX11.so.6.4.0)
==123403==    by 0x4C1FED7: ??? (in /usr/lib/x86_64-linux-gnu/libX11.so.6.4.0)
==123403==    by 0x4C2455F: XrmGetStringDatabase (in /usr/lib/x86_64-linux-gnu/libX11.so.6.4.0)
==123403==    by 0x488E0E7: glfwInit (in /usr/lib/x86_64-linux-gnu/libglfw.so.3.3)
==123403==    by 0x10C791: mlx_init (in /home/marcos/Documentos/Programming/C/42/src/so_long/so_long)
==123403==    by 0x10B54D: init_game (game_utils_bonus.c:46)
==123403==    by 0x10A73C: main (so_long_bonus.c:24)
==123403== 
==123403== 64 bytes in 1 blocks are still reachable in loss record 2,469 of 2,572
==123403==    at 0x4846828: malloc (in /usr/libexec/valgrind/vgpreload_memcheck-amd64-linux.so)
==123403==    by 0x4C10872: _XrmInternalStringToQuark (in /usr/lib/x86_64-linux-gnu/libX11.so.6.4.0)
==123403==    by 0x4C23FC3: XrmInitialize (in /usr/lib/x86_64-linux-gnu/libX11.so.6.4.0)
==123403==    by 0x488E085: glfwInit (in /usr/lib/x86_64-linux-gnu/libglfw.so.3.3)
==123403==    by 0x10C791: mlx_init (in /home/marcos/Documentos/Programming/C/42/src/so_long/so_long)
==123403==    by 0x10B54D: init_game (game_utils_bonus.c:46)
==123403==    by 0x10A73C: main (so_long_bonus.c:24)
==123403== 
==123403== 64 bytes in 1 blocks are still reachable in loss record 2,474 of 2,572
==123403==    at 0x4846828: malloc (in /usr/libexec/valgrind/vgpreload_memcheck-amd64-linux.so)
==123403==    by 0x4C2ED3D: _XlcSetConverter (in /usr/lib/x86_64-linux-gnu/libX11.so.6.4.0)
==123403==    by 0x4C3BE68: _XlcAddUtf8LocaleConverters (in /usr/lib/x86_64-linux-gnu/libX11.so.6.4.0)
==123403==    by 0x4C57E97: _XlcUtf8Loader (in /usr/lib/x86_64-linux-gnu/libX11.so.6.4.0)
==123403==    by 0x4C3A130: _XOpenLC (in /usr/lib/x86_64-linux-gnu/libX11.so.6.4.0)
==123403==    by 0x4C3AB76: _XrmInitParseInfo (in /usr/lib/x86_64-linux-gnu/libX11.so.6.4.0)
==123403==    by 0x4C240AF: ??? (in /usr/lib/x86_64-linux-gnu/libX11.so.6.4.0)
==123403==    by 0x4C24532: XrmGetStringDatabase (in /usr/lib/x86_64-linux-gnu/libX11.so.6.4.0)
==123403==    by 0x488E0E7: glfwInit (in /usr/lib/x86_64-linux-gnu/libglfw.so.3.3)
==123403==    by 0x10C791: mlx_init (in /home/marcos/Documentos/Programming/C/42/src/so_long/so_long)
==123403==    by 0x10B54D: init_game (game_utils_bonus.c:46)
==123403==    by 0x10A73C: main (so_long_bonus.c:24)
==123403== 
==123403== 64 bytes in 1 blocks are still reachable in loss record 2,475 of 2,572
==123403==    at 0x4846828: malloc (in /usr/libexec/valgrind/vgpreload_memcheck-amd64-linux.so)
==123403==    by 0x4C2ED3D: _XlcSetConverter (in /usr/lib/x86_64-linux-gnu/libX11.so.6.4.0)
==123403==    by 0x4C3BE80: _XlcAddUtf8LocaleConverters (in /usr/lib/x86_64-linux-gnu/libX11.so.6.4.0)
==123403==    by 0x4C57E97: _XlcUtf8Loader (in /usr/lib/x86_64-linux-gnu/libX11.so.6.4.0)
==123403==    by 0x4C3A130: _XOpenLC (in /usr/lib/x86_64-linux-gnu/libX11.so.6.4.0)
==123403==    by 0x4C3AB76: _XrmInitParseInfo (in /usr/lib/x86_64-linux-gnu/libX11.so.6.4.0)
==123403==    by 0x4C240AF: ??? (in /usr/lib/x86_64-linux-gnu/libX11.so.6.4.0)
==123403==    by 0x4C24532: XrmGetStringDatabase (in /usr/lib/x86_64-linux-gnu/libX11.so.6.4.0)
==123403==    by 0x488E0E7: glfwInit (in /usr/lib/x86_64-linux-gnu/libglfw.so.3.3)
==123403==    by 0x10C791: mlx_init (in /home/marcos/Documentos/Programming/C/42/src/so_long/so_long)
==123403==    by 0x10B54D: init_game (game_utils_bonus.c:46)
==123403==    by 0x10A73C: main (so_long_bonus.c:24)
==123403== 
==123403== 64 bytes in 1 blocks are still reachable in loss record 2,476 of 2,572
==123403==    at 0x4846828: malloc (in /usr/libexec/valgrind/vgpreload_memcheck-amd64-linux.so)
==123403==    by 0x4C2ED3D: _XlcSetConverter (in /usr/lib/x86_64-linux-gnu/libX11.so.6.4.0)
==123403==    by 0x4C3BE98: _XlcAddUtf8LocaleConverters (in /usr/lib/x86_64-linux-gnu/libX11.so.6.4.0)
==123403==    by 0x4C57E97: _XlcUtf8Loader (in /usr/lib/x86_64-linux-gnu/libX11.so.6.4.0)
==123403==    by 0x4C3A130: _XOpenLC (in /usr/lib/x86_64-linux-gnu/libX11.so.6.4.0)
==123403==    by 0x4C3AB76: _XrmInitParseInfo (in /usr/lib/x86_64-linux-gnu/libX11.so.6.4.0)
==123403==    by 0x4C240AF: ??? (in /usr/lib/x86_64-linux-gnu/libX11.so.6.4.0)
==123403==    by 0x4C24532: XrmGetStringDatabase (in /usr/lib/x86_64-linux-gnu/libX11.so.6.4.0)
==123403==    by 0x488E0E7: glfwInit (in /usr/lib/x86_64-linux-gnu/libglfw.so.3.3)
==123403==    by 0x10C791: mlx_init (in /home/marcos/Documentos/Programming/C/42/src/so_long/so_long)
==123403==    by 0x10B54D: init_game (game_utils_bonus.c:46)
==123403==    by 0x10A73C: main (so_long_bonus.c:24)
==123403== 
==123403== 64 bytes in 1 blocks are still reachable in loss record 2,477 of 2,572
==123403==    at 0x4846828: malloc (in /usr/libexec/valgrind/vgpreload_memcheck-amd64-linux.so)
==123403==    by 0x4C2ED3D: _XlcSetConverter (in /usr/lib/x86_64-linux-gnu/libX11.so.6.4.0)
==123403==    by 0x4C3BEB0: _XlcAddUtf8LocaleConverters (in /usr/lib/x86_64-linux-gnu/libX11.so.6.4.0)
==123403==    by 0x4C57E97: _XlcUtf8Loader (in /usr/lib/x86_64-linux-gnu/libX11.so.6.4.0)
==123403==    by 0x4C3A130: _XOpenLC (in /usr/lib/x86_64-linux-gnu/libX11.so.6.4.0)
==123403==    by 0x4C3AB76: _XrmInitParseInfo (in /usr/lib/x86_64-linux-gnu/libX11.so.6.4.0)
==123403==    by 0x4C240AF: ??? (in /usr/lib/x86_64-linux-gnu/libX11.so.6.4.0)
==123403==    by 0x4C24532: XrmGetStringDatabase (in /usr/lib/x86_64-linux-gnu/libX11.so.6.4.0)
==123403==    by 0x488E0E7: glfwInit (in /usr/lib/x86_64-linux-gnu/libglfw.so.3.3)
==123403==    by 0x10C791: mlx_init (in /home/marcos/Documentos/Programming/C/42/src/so_long/so_long)
==123403==    by 0x10B54D: init_game (game_utils_bonus.c:46)
==123403==    by 0x10A73C: main (so_long_bonus.c:24)
==123403== 
==123403== 64 bytes in 1 blocks are still reachable in loss record 2,478 of 2,572
==123403==    at 0x4846828: malloc (in /usr/libexec/valgrind/vgpreload_memcheck-amd64-linux.so)
==123403==    by 0x4C2ED3D: _XlcSetConverter (in /usr/lib/x86_64-linux-gnu/libX11.so.6.4.0)
==123403==    by 0x4C3BEC8: _XlcAddUtf8LocaleConverters (in /usr/lib/x86_64-linux-gnu/libX11.so.6.4.0)
==123403==    by 0x4C57E97: _XlcUtf8Loader (in /usr/lib/x86_64-linux-gnu/libX11.so.6.4.0)
==123403==    by 0x4C3A130: _XOpenLC (in /usr/lib/x86_64-linux-gnu/libX11.so.6.4.0)
==123403==    by 0x4C3AB76: _XrmInitParseInfo (in /usr/lib/x86_64-linux-gnu/libX11.so.6.4.0)
==123403==    by 0x4C240AF: ??? (in /usr/lib/x86_64-linux-gnu/libX11.so.6.4.0)
==123403==    by 0x4C24532: XrmGetStringDatabase (in /usr/lib/x86_64-linux-gnu/libX11.so.6.4.0)
==123403==    by 0x488E0E7: glfwInit (in /usr/lib/x86_64-linux-gnu/libglfw.so.3.3)
==123403==    by 0x10C791: mlx_init (in /home/marcos/Documentos/Programming/C/42/src/so_long/so_long)
==123403==    by 0x10B54D: init_game (game_utils_bonus.c:46)
==123403==    by 0x10A73C: main (so_long_bonus.c:24)
==123403== 
==123403== 64 bytes in 1 blocks are still reachable in loss record 2,479 of 2,572
==123403==    at 0x4846828: malloc (in /usr/libexec/valgrind/vgpreload_memcheck-amd64-linux.so)
==123403==    by 0x4C2ED3D: _XlcSetConverter (in /usr/lib/x86_64-linux-gnu/libX11.so.6.4.0)
==123403==    by 0x4C3BEE0: _XlcAddUtf8LocaleConverters (in /usr/lib/x86_64-linux-gnu/libX11.so.6.4.0)
==123403==    by 0x4C57E97: _XlcUtf8Loader (in /usr/lib/x86_64-linux-gnu/libX11.so.6.4.0)
==123403==    by 0x4C3A130: _XOpenLC (in /usr/lib/x86_64-linux-gnu/libX11.so.6.4.0)
==123403==    by 0x4C3AB76: _XrmInitParseInfo (in /usr/lib/x86_64-linux-gnu/libX11.so.6.4.0)
==123403==    by 0x4C240AF: ??? (in /usr/lib/x86_64-linux-gnu/libX11.so.6.4.0)
==123403==    by 0x4C24532: XrmGetStringDatabase (in /usr/lib/x86_64-linux-gnu/libX11.so.6.4.0)
==123403==    by 0x488E0E7: glfwInit (in /usr/lib/x86_64-linux-gnu/libglfw.so.3.3)
==123403==    by 0x10C791: mlx_init (in /home/marcos/Documentos/Programming/C/42/src/so_long/so_long)
==123403==    by 0x10B54D: init_game (game_utils_bonus.c:46)
==123403==    by 0x10A73C: main (so_long_bonus.c:24)
==123403== 
==123403== 64 bytes in 1 blocks are still reachable in loss record 2,480 of 2,572
==123403==    at 0x4846828: malloc (in /usr/libexec/valgrind/vgpreload_memcheck-amd64-linux.so)
==123403==    by 0x4C2ED3D: _XlcSetConverter (in /usr/lib/x86_64-linux-gnu/libX11.so.6.4.0)
==123403==    by 0x4C3BEFF: _XlcAddUtf8LocaleConverters (in /usr/lib/x86_64-linux-gnu/libX11.so.6.4.0)
==123403==    by 0x4C57E97: _XlcUtf8Loader (in /usr/lib/x86_64-linux-gnu/libX11.so.6.4.0)
==123403==    by 0x4C3A130: _XOpenLC (in /usr/lib/x86_64-linux-gnu/libX11.so.6.4.0)
==123403==    by 0x4C3AB76: _XrmInitParseInfo (in /usr/lib/x86_64-linux-gnu/libX11.so.6.4.0)
==123403==    by 0x4C240AF: ??? (in /usr/lib/x86_64-linux-gnu/libX11.so.6.4.0)
==123403==    by 0x4C24532: XrmGetStringDatabase (in /usr/lib/x86_64-linux-gnu/libX11.so.6.4.0)
==123403==    by 0x488E0E7: glfwInit (in /usr/lib/x86_64-linux-gnu/libglfw.so.3.3)
==123403==    by 0x10C791: mlx_init (in /home/marcos/Documentos/Programming/C/42/src/so_long/so_long)
==123403==    by 0x10B54D: init_game (game_utils_bonus.c:46)
==123403==    by 0x10A73C: main (so_long_bonus.c:24)
==123403== 
==123403== 64 bytes in 1 blocks are still reachable in loss record 2,481 of 2,572
==123403==    at 0x4846828: malloc (in /usr/libexec/valgrind/vgpreload_memcheck-amd64-linux.so)
==123403==    by 0x4C2ED3D: _XlcSetConverter (in /usr/lib/x86_64-linux-gnu/libX11.so.6.4.0)
==123403==    by 0x4C3BF17: _XlcAddUtf8LocaleConverters (in /usr/lib/x86_64-linux-gnu/libX11.so.6.4.0)
==123403==    by 0x4C57E97: _XlcUtf8Loader (in /usr/lib/x86_64-linux-gnu/libX11.so.6.4.0)
==123403==    by 0x4C3A130: _XOpenLC (in /usr/lib/x86_64-linux-gnu/libX11.so.6.4.0)
==123403==    by 0x4C3AB76: _XrmInitParseInfo (in /usr/lib/x86_64-linux-gnu/libX11.so.6.4.0)
==123403==    by 0x4C240AF: ??? (in /usr/lib/x86_64-linux-gnu/libX11.so.6.4.0)
==123403==    by 0x4C24532: XrmGetStringDatabase (in /usr/lib/x86_64-linux-gnu/libX11.so.6.4.0)
==123403==    by 0x488E0E7: glfwInit (in /usr/lib/x86_64-linux-gnu/libglfw.so.3.3)
==123403==    by 0x10C791: mlx_init (in /home/marcos/Documentos/Programming/C/42/src/so_long/so_long)
==123403==    by 0x10B54D: init_game (game_utils_bonus.c:46)
==123403==    by 0x10A73C: main (so_long_bonus.c:24)
==123403== 
==123403== 64 bytes in 1 blocks are still reachable in loss record 2,482 of 2,572
==123403==    at 0x4846828: malloc (in /usr/libexec/valgrind/vgpreload_memcheck-amd64-linux.so)
==123403==    by 0x4C2ED3D: _XlcSetConverter (in /usr/lib/x86_64-linux-gnu/libX11.so.6.4.0)
==123403==    by 0x4C3BF36: _XlcAddUtf8LocaleConverters (in /usr/lib/x86_64-linux-gnu/libX11.so.6.4.0)
==123403==    by 0x4C57E97: _XlcUtf8Loader (in /usr/lib/x86_64-linux-gnu/libX11.so.6.4.0)
==123403==    by 0x4C3A130: _XOpenLC (in /usr/lib/x86_64-linux-gnu/libX11.so.6.4.0)
==123403==    by 0x4C3AB76: _XrmInitParseInfo (in /usr/lib/x86_64-linux-gnu/libX11.so.6.4.0)
==123403==    by 0x4C240AF: ??? (in /usr/lib/x86_64-linux-gnu/libX11.so.6.4.0)
==123403==    by 0x4C24532: XrmGetStringDatabase (in /usr/lib/x86_64-linux-gnu/libX11.so.6.4.0)
==123403==    by 0x488E0E7: glfwInit (in /usr/lib/x86_64-linux-gnu/libglfw.so.3.3)
==123403==    by 0x10C791: mlx_init (in /home/marcos/Documentos/Programming/C/42/src/so_long/so_long)
==123403==    by 0x10B54D: init_game (game_utils_bonus.c:46)
==123403==    by 0x10A73C: main (so_long_bonus.c:24)
==123403== 
==123403== 64 bytes in 1 blocks are still reachable in loss record 2,483 of 2,572
==123403==    at 0x4846828: malloc (in /usr/libexec/valgrind/vgpreload_memcheck-amd64-linux.so)
==123403==    by 0x4C2ED3D: _XlcSetConverter (in /usr/lib/x86_64-linux-gnu/libX11.so.6.4.0)
==123403==    by 0x4C3BF55: _XlcAddUtf8LocaleConverters (in /usr/lib/x86_64-linux-gnu/libX11.so.6.4.0)
==123403==    by 0x4C57E97: _XlcUtf8Loader (in /usr/lib/x86_64-linux-gnu/libX11.so.6.4.0)
==123403==    by 0x4C3A130: _XOpenLC (in /usr/lib/x86_64-linux-gnu/libX11.so.6.4.0)
==123403==    by 0x4C3AB76: _XrmInitParseInfo (in /usr/lib/x86_64-linux-gnu/libX11.so.6.4.0)
==123403==    by 0x4C240AF: ??? (in /usr/lib/x86_64-linux-gnu/libX11.so.6.4.0)
==123403==    by 0x4C24532: XrmGetStringDatabase (in /usr/lib/x86_64-linux-gnu/libX11.so.6.4.0)
==123403==    by 0x488E0E7: glfwInit (in /usr/lib/x86_64-linux-gnu/libglfw.so.3.3)
==123403==    by 0x10C791: mlx_init (in /home/marcos/Documentos/Programming/C/42/src/so_long/so_long)
==123403==    by 0x10B54D: init_game (game_utils_bonus.c:46)
==123403==    by 0x10A73C: main (so_long_bonus.c:24)
==123403== 
==123403== 64 bytes in 1 blocks are still reachable in loss record 2,484 of 2,572
==123403==    at 0x4846828: malloc (in /usr/libexec/valgrind/vgpreload_memcheck-amd64-linux.so)
==123403==    by 0x4C2ED3D: _XlcSetConverter (in /usr/lib/x86_64-linux-gnu/libX11.so.6.4.0)
==123403==    by 0x4C3BF6D: _XlcAddUtf8LocaleConverters (in /usr/lib/x86_64-linux-gnu/libX11.so.6.4.0)
==123403==    by 0x4C57E97: _XlcUtf8Loader (in /usr/lib/x86_64-linux-gnu/libX11.so.6.4.0)
==123403==    by 0x4C3A130: _XOpenLC (in /usr/lib/x86_64-linux-gnu/libX11.so.6.4.0)
==123403==    by 0x4C3AB76: _XrmInitParseInfo (in /usr/lib/x86_64-linux-gnu/libX11.so.6.4.0)
==123403==    by 0x4C240AF: ??? (in /usr/lib/x86_64-linux-gnu/libX11.so.6.4.0)
==123403==    by 0x4C24532: XrmGetStringDatabase (in /usr/lib/x86_64-linux-gnu/libX11.so.6.4.0)
==123403==    by 0x488E0E7: glfwInit (in /usr/lib/x86_64-linux-gnu/libglfw.so.3.3)
==123403==    by 0x10C791: mlx_init (in /home/marcos/Documentos/Programming/C/42/src/so_long/so_long)
==123403==    by 0x10B54D: init_game (game_utils_bonus.c:46)
==123403==    by 0x10A73C: main (so_long_bonus.c:24)
==123403== 
==123403== 64 bytes in 1 blocks are still reachable in loss record 2,485 of 2,572
==123403==    at 0x4846828: malloc (in /usr/libexec/valgrind/vgpreload_memcheck-amd64-linux.so)
==123403==    by 0x4C2ED3D: _XlcSetConverter (in /usr/lib/x86_64-linux-gnu/libX11.so.6.4.0)
==123403==    by 0x4C3BF8C: _XlcAddUtf8LocaleConverters (in /usr/lib/x86_64-linux-gnu/libX11.so.6.4.0)
==123403==    by 0x4C57E97: _XlcUtf8Loader (in /usr/lib/x86_64-linux-gnu/libX11.so.6.4.0)
==123403==    by 0x4C3A130: _XOpenLC (in /usr/lib/x86_64-linux-gnu/libX11.so.6.4.0)
==123403==    by 0x4C3AB76: _XrmInitParseInfo (in /usr/lib/x86_64-linux-gnu/libX11.so.6.4.0)
==123403==    by 0x4C240AF: ??? (in /usr/lib/x86_64-linux-gnu/libX11.so.6.4.0)
==123403==    by 0x4C24532: XrmGetStringDatabase (in /usr/lib/x86_64-linux-gnu/libX11.so.6.4.0)
==123403==    by 0x488E0E7: glfwInit (in /usr/lib/x86_64-linux-gnu/libglfw.so.3.3)
==123403==    by 0x10C791: mlx_init (in /home/marcos/Documentos/Programming/C/42/src/so_long/so_long)
==123403==    by 0x10B54D: init_game (game_utils_bonus.c:46)
==123403==    by 0x10A73C: main (so_long_bonus.c:24)
==123403== 
==123403== 64 bytes in 1 blocks are still reachable in loss record 2,486 of 2,572
==123403==    at 0x4846828: malloc (in /usr/libexec/valgrind/vgpreload_memcheck-amd64-linux.so)
==123403==    by 0x4C2ED3D: _XlcSetConverter (in /usr/lib/x86_64-linux-gnu/libX11.so.6.4.0)
==123403==    by 0x4C3BFA4: _XlcAddUtf8LocaleConverters (in /usr/lib/x86_64-linux-gnu/libX11.so.6.4.0)
==123403==    by 0x4C57E97: _XlcUtf8Loader (in /usr/lib/x86_64-linux-gnu/libX11.so.6.4.0)
==123403==    by 0x4C3A130: _XOpenLC (in /usr/lib/x86_64-linux-gnu/libX11.so.6.4.0)
==123403==    by 0x4C3AB76: _XrmInitParseInfo (in /usr/lib/x86_64-linux-gnu/libX11.so.6.4.0)
==123403==    by 0x4C240AF: ??? (in /usr/lib/x86_64-linux-gnu/libX11.so.6.4.0)
==123403==    by 0x4C24532: XrmGetStringDatabase (in /usr/lib/x86_64-linux-gnu/libX11.so.6.4.0)
==123403==    by 0x488E0E7: glfwInit (in /usr/lib/x86_64-linux-gnu/libglfw.so.3.3)
==123403==    by 0x10C791: mlx_init (in /home/marcos/Documentos/Programming/C/42/src/so_long/so_long)
==123403==    by 0x10B54D: init_game (game_utils_bonus.c:46)
==123403==    by 0x10A73C: main (so_long_bonus.c:24)
==123403== 
==123403== 64 bytes in 1 blocks are still reachable in loss record 2,487 of 2,572
==123403==    at 0x4846828: malloc (in /usr/libexec/valgrind/vgpreload_memcheck-amd64-linux.so)
==123403==    by 0x4C2ED3D: _XlcSetConverter (in /usr/lib/x86_64-linux-gnu/libX11.so.6.4.0)
==123403==    by 0x4C3BFBC: _XlcAddUtf8LocaleConverters (in /usr/lib/x86_64-linux-gnu/libX11.so.6.4.0)
==123403==    by 0x4C57E97: _XlcUtf8Loader (in /usr/lib/x86_64-linux-gnu/libX11.so.6.4.0)
==123403==    by 0x4C3A130: _XOpenLC (in /usr/lib/x86_64-linux-gnu/libX11.so.6.4.0)
==123403==    by 0x4C3AB76: _XrmInitParseInfo (in /usr/lib/x86_64-linux-gnu/libX11.so.6.4.0)
==123403==    by 0x4C240AF: ??? (in /usr/lib/x86_64-linux-gnu/libX11.so.6.4.0)
==123403==    by 0x4C24532: XrmGetStringDatabase (in /usr/lib/x86_64-linux-gnu/libX11.so.6.4.0)
==123403==    by 0x488E0E7: glfwInit (in /usr/lib/x86_64-linux-gnu/libglfw.so.3.3)
==123403==    by 0x10C791: mlx_init (in /home/marcos/Documentos/Programming/C/42/src/so_long/so_long)
==123403==    by 0x10B54D: init_game (game_utils_bonus.c:46)
==123403==    by 0x10A73C: main (so_long_bonus.c:24)
==123403== 
==123403== 64 bytes in 1 blocks are still reachable in loss record 2,488 of 2,572
==123403==    at 0x4846828: malloc (in /usr/libexec/valgrind/vgpreload_memcheck-amd64-linux.so)
==123403==    by 0x4C2ED3D: _XlcSetConverter (in /usr/lib/x86_64-linux-gnu/libX11.so.6.4.0)
==123403==    by 0x4C3BFD4: _XlcAddUtf8LocaleConverters (in /usr/lib/x86_64-linux-gnu/libX11.so.6.4.0)
==123403==    by 0x4C57E97: _XlcUtf8Loader (in /usr/lib/x86_64-linux-gnu/libX11.so.6.4.0)
==123403==    by 0x4C3A130: _XOpenLC (in /usr/lib/x86_64-linux-gnu/libX11.so.6.4.0)
==123403==    by 0x4C3AB76: _XrmInitParseInfo (in /usr/lib/x86_64-linux-gnu/libX11.so.6.4.0)
==123403==    by 0x4C240AF: ??? (in /usr/lib/x86_64-linux-gnu/libX11.so.6.4.0)
==123403==    by 0x4C24532: XrmGetStringDatabase (in /usr/lib/x86_64-linux-gnu/libX11.so.6.4.0)
==123403==    by 0x488E0E7: glfwInit (in /usr/lib/x86_64-linux-gnu/libglfw.so.3.3)
==123403==    by 0x10C791: mlx_init (in /home/marcos/Documentos/Programming/C/42/src/so_long/so_long)
==123403==    by 0x10B54D: init_game (game_utils_bonus.c:46)
==123403==    by 0x10A73C: main (so_long_bonus.c:24)
==123403== 
==123403== 64 bytes in 1 blocks are still reachable in loss record 2,489 of 2,572
==123403==    at 0x4846828: malloc (in /usr/libexec/valgrind/vgpreload_memcheck-amd64-linux.so)
==123403==    by 0x4C2ED3D: _XlcSetConverter (in /usr/lib/x86_64-linux-gnu/libX11.so.6.4.0)
==123403==    by 0x4C3BFEC: _XlcAddUtf8LocaleConverters (in /usr/lib/x86_64-linux-gnu/libX11.so.6.4.0)
==123403==    by 0x4C57E97: _XlcUtf8Loader (in /usr/lib/x86_64-linux-gnu/libX11.so.6.4.0)
==123403==    by 0x4C3A130: _XOpenLC (in /usr/lib/x86_64-linux-gnu/libX11.so.6.4.0)
==123403==    by 0x4C3AB76: _XrmInitParseInfo (in /usr/lib/x86_64-linux-gnu/libX11.so.6.4.0)
==123403==    by 0x4C240AF: ??? (in /usr/lib/x86_64-linux-gnu/libX11.so.6.4.0)
==123403==    by 0x4C24532: XrmGetStringDatabase (in /usr/lib/x86_64-linux-gnu/libX11.so.6.4.0)
==123403==    by 0x488E0E7: glfwInit (in /usr/lib/x86_64-linux-gnu/libglfw.so.3.3)
==123403==    by 0x10C791: mlx_init (in /home/marcos/Documentos/Programming/C/42/src/so_long/so_long)
==123403==    by 0x10B54D: init_game (game_utils_bonus.c:46)
==123403==    by 0x10A73C: main (so_long_bonus.c:24)
==123403== 
==123403== 64 bytes in 1 blocks are still reachable in loss record 2,490 of 2,572
==123403==    at 0x4846828: malloc (in /usr/libexec/valgrind/vgpreload_memcheck-amd64-linux.so)
==123403==    by 0x4C2ED3D: _XlcSetConverter (in /usr/lib/x86_64-linux-gnu/libX11.so.6.4.0)
==123403==    by 0x4C57E97: _XlcUtf8Loader (in /usr/lib/x86_64-linux-gnu/libX11.so.6.4.0)
==123403==    by 0x4C3A130: _XOpenLC (in /usr/lib/x86_64-linux-gnu/libX11.so.6.4.0)
==123403==    by 0x4C3AB76: _XrmInitParseInfo (in /usr/lib/x86_64-linux-gnu/libX11.so.6.4.0)
==123403==    by 0x4C240AF: ??? (in /usr/lib/x86_64-linux-gnu/libX11.so.6.4.0)
==123403==    by 0x4C24532: XrmGetStringDatabase (in /usr/lib/x86_64-linux-gnu/libX11.so.6.4.0)
==123403==    by 0x488E0E7: glfwInit (in /usr/lib/x86_64-linux-gnu/libglfw.so.3.3)
==123403==    by 0x10C791: mlx_init (in /home/marcos/Documentos/Programming/C/42/src/so_long/so_long)
==123403==    by 0x10B54D: init_game (game_utils_bonus.c:46)
==123403==    by 0x10A73C: main (so_long_bonus.c:24)
==123403== 
==123403== 64 bytes in 1 blocks are still reachable in loss record 2,491 of 2,572
==123403==    at 0x4846828: malloc (in /usr/libexec/valgrind/vgpreload_memcheck-amd64-linux.so)
==123403==    by 0x4C2ED3D: _XlcSetConverter (in /usr/lib/x86_64-linux-gnu/libX11.so.6.4.0)
==123403==    by 0x4C3BD6B: _XlcAddUtf8Converters (in /usr/lib/x86_64-linux-gnu/libX11.so.6.4.0)
==123403==    by 0x4C57E84: _XlcUtf8Loader (in /usr/lib/x86_64-linux-gnu/libX11.so.6.4.0)
==123403==    by 0x4C3A130: _XOpenLC (in /usr/lib/x86_64-linux-gnu/libX11.so.6.4.0)
==123403==    by 0x4C3AB76: _XrmInitParseInfo (in /usr/lib/x86_64-linux-gnu/libX11.so.6.4.0)
==123403==    by 0x4C240AF: ??? (in /usr/lib/x86_64-linux-gnu/libX11.so.6.4.0)
==123403==    by 0x4C24532: XrmGetStringDatabase (in /usr/lib/x86_64-linux-gnu/libX11.so.6.4.0)
==123403==    by 0x488E0E7: glfwInit (in /usr/lib/x86_64-linux-gnu/libglfw.so.3.3)
==123403==    by 0x10C791: mlx_init (in /home/marcos/Documentos/Programming/C/42/src/so_long/so_long)
==123403==    by 0x10B54D: init_game (game_utils_bonus.c:46)
==123403==    by 0x10A73C: main (so_long_bonus.c:24)
==123403== 
==123403== 64 bytes in 1 blocks are still reachable in loss record 2,492 of 2,572
==123403==    at 0x4846828: malloc (in /usr/libexec/valgrind/vgpreload_memcheck-amd64-linux.so)
==123403==    by 0x4C2ED3D: _XlcSetConverter (in /usr/lib/x86_64-linux-gnu/libX11.so.6.4.0)
==123403==    by 0x4C3BD8A: _XlcAddUtf8Converters (in /usr/lib/x86_64-linux-gnu/libX11.so.6.4.0)
==123403==    by 0x4C57E84: _XlcUtf8Loader (in /usr/lib/x86_64-linux-gnu/libX11.so.6.4.0)
==123403==    by 0x4C3A130: _XOpenLC (in /usr/lib/x86_64-linux-gnu/libX11.so.6.4.0)
==123403==    by 0x4C3AB76: _XrmInitParseInfo (in /usr/lib/x86_64-linux-gnu/libX11.so.6.4.0)
==123403==    by 0x4C240AF: ??? (in /usr/lib/x86_64-linux-gnu/libX11.so.6.4.0)
==123403==    by 0x4C24532: XrmGetStringDatabase (in /usr/lib/x86_64-linux-gnu/libX11.so.6.4.0)
==123403==    by 0x488E0E7: glfwInit (in /usr/lib/x86_64-linux-gnu/libglfw.so.3.3)
==123403==    by 0x10C791: mlx_init (in /home/marcos/Documentos/Programming/C/42/src/so_long/so_long)
==123403==    by 0x10B54D: init_game (game_utils_bonus.c:46)
==123403==    by 0x10A73C: main (so_long_bonus.c:24)
==123403== 
==123403== 64 bytes in 1 blocks are still reachable in loss record 2,493 of 2,572
==123403==    at 0x4846828: malloc (in /usr/libexec/valgrind/vgpreload_memcheck-amd64-linux.so)
==123403==    by 0x4C2ED3D: _XlcSetConverter (in /usr/lib/x86_64-linux-gnu/libX11.so.6.4.0)
==123403==    by 0x4C3BDA2: _XlcAddUtf8Converters (in /usr/lib/x86_64-linux-gnu/libX11.so.6.4.0)
==123403==    by 0x4C57E84: _XlcUtf8Loader (in /usr/lib/x86_64-linux-gnu/libX11.so.6.4.0)
==123403==    by 0x4C3A130: _XOpenLC (in /usr/lib/x86_64-linux-gnu/libX11.so.6.4.0)
==123403==    by 0x4C3AB76: _XrmInitParseInfo (in /usr/lib/x86_64-linux-gnu/libX11.so.6.4.0)
==123403==    by 0x4C240AF: ??? (in /usr/lib/x86_64-linux-gnu/libX11.so.6.4.0)
==123403==    by 0x4C24532: XrmGetStringDatabase (in /usr/lib/x86_64-linux-gnu/libX11.so.6.4.0)
==123403==    by 0x488E0E7: glfwInit (in /usr/lib/x86_64-linux-gnu/libglfw.so.3.3)
==123403==    by 0x10C791: mlx_init (in /home/marcos/Documentos/Programming/C/42/src/so_long/so_long)
==123403==    by 0x10B54D: init_game (game_utils_bonus.c:46)
==123403==    by 0x10A73C: main (so_long_bonus.c:24)
==123403== 
==123403== 64 bytes in 1 blocks are still reachable in loss record 2,494 of 2,572
==123403==    at 0x4846828: malloc (in /usr/libexec/valgrind/vgpreload_memcheck-amd64-linux.so)
==123403==    by 0x4C2ED3D: _XlcSetConverter (in /usr/lib/x86_64-linux-gnu/libX11.so.6.4.0)
==123403==    by 0x4C3BDBA: _XlcAddUtf8Converters (in /usr/lib/x86_64-linux-gnu/libX11.so.6.4.0)
==123403==    by 0x4C57E84: _XlcUtf8Loader (in /usr/lib/x86_64-linux-gnu/libX11.so.6.4.0)
==123403==    by 0x4C3A130: _XOpenLC (in /usr/lib/x86_64-linux-gnu/libX11.so.6.4.0)
==123403==    by 0x4C3AB76: _XrmInitParseInfo (in /usr/lib/x86_64-linux-gnu/libX11.so.6.4.0)
==123403==    by 0x4C240AF: ??? (in /usr/lib/x86_64-linux-gnu/libX11.so.6.4.0)
==123403==    by 0x4C24532: XrmGetStringDatabase (in /usr/lib/x86_64-linux-gnu/libX11.so.6.4.0)
==123403==    by 0x488E0E7: glfwInit (in /usr/lib/x86_64-linux-gnu/libglfw.so.3.3)
==123403==    by 0x10C791: mlx_init (in /home/marcos/Documentos/Programming/C/42/src/so_long/so_long)
==123403==    by 0x10B54D: init_game (game_utils_bonus.c:46)
==123403==    by 0x10A73C: main (so_long_bonus.c:24)
==123403== 
==123403== 64 bytes in 1 blocks are still reachable in loss record 2,495 of 2,572
==123403==    at 0x4846828: malloc (in /usr/libexec/valgrind/vgpreload_memcheck-amd64-linux.so)
==123403==    by 0x4C2ED3D: _XlcSetConverter (in /usr/lib/x86_64-linux-gnu/libX11.so.6.4.0)
==123403==    by 0x4C3BDD2: _XlcAddUtf8Converters (in /usr/lib/x86_64-linux-gnu/libX11.so.6.4.0)
==123403==    by 0x4C57E84: _XlcUtf8Loader (in /usr/lib/x86_64-linux-gnu/libX11.so.6.4.0)
==123403==    by 0x4C3A130: _XOpenLC (in /usr/lib/x86_64-linux-gnu/libX11.so.6.4.0)
==123403==    by 0x4C3AB76: _XrmInitParseInfo (in /usr/lib/x86_64-linux-gnu/libX11.so.6.4.0)
==123403==    by 0x4C240AF: ??? (in /usr/lib/x86_64-linux-gnu/libX11.so.6.4.0)
==123403==    by 0x4C24532: XrmGetStringDatabase (in /usr/lib/x86_64-linux-gnu/libX11.so.6.4.0)
==123403==    by 0x488E0E7: glfwInit (in /usr/lib/x86_64-linux-gnu/libglfw.so.3.3)
==123403==    by 0x10C791: mlx_init (in /home/marcos/Documentos/Programming/C/42/src/so_long/so_long)
==123403==    by 0x10B54D: init_game (game_utils_bonus.c:46)
==123403==    by 0x10A73C: main (so_long_bonus.c:24)
==123403== 
==123403== 64 bytes in 1 blocks are still reachable in loss record 2,496 of 2,572
==123403==    at 0x4846828: malloc (in /usr/libexec/valgrind/vgpreload_memcheck-amd64-linux.so)
==123403==    by 0x4C2ED3D: _XlcSetConverter (in /usr/lib/x86_64-linux-gnu/libX11.so.6.4.0)
==123403==    by 0x4C3BDF1: _XlcAddUtf8Converters (in /usr/lib/x86_64-linux-gnu/libX11.so.6.4.0)
==123403==    by 0x4C57E84: _XlcUtf8Loader (in /usr/lib/x86_64-linux-gnu/libX11.so.6.4.0)
==123403==    by 0x4C3A130: _XOpenLC (in /usr/lib/x86_64-linux-gnu/libX11.so.6.4.0)
==123403==    by 0x4C3AB76: _XrmInitParseInfo (in /usr/lib/x86_64-linux-gnu/libX11.so.6.4.0)
==123403==    by 0x4C240AF: ??? (in /usr/lib/x86_64-linux-gnu/libX11.so.6.4.0)
==123403==    by 0x4C24532: XrmGetStringDatabase (in /usr/lib/x86_64-linux-gnu/libX11.so.6.4.0)
==123403==    by 0x488E0E7: glfwInit (in /usr/lib/x86_64-linux-gnu/libglfw.so.3.3)
==123403==    by 0x10C791: mlx_init (in /home/marcos/Documentos/Programming/C/42/src/so_long/so_long)
==123403==    by 0x10B54D: init_game (game_utils_bonus.c:46)
==123403==    by 0x10A73C: main (so_long_bonus.c:24)
==123403== 
==123403== 64 bytes in 1 blocks are still reachable in loss record 2,497 of 2,572
==123403==    at 0x4846828: malloc (in /usr/libexec/valgrind/vgpreload_memcheck-amd64-linux.so)
==123403==    by 0x4C2ED3D: _XlcSetConverter (in /usr/lib/x86_64-linux-gnu/libX11.so.6.4.0)
==123403==    by 0x4C57E84: _XlcUtf8Loader (in /usr/lib/x86_64-linux-gnu/libX11.so.6.4.0)
==123403==    by 0x4C3A130: _XOpenLC (in /usr/lib/x86_64-linux-gnu/libX11.so.6.4.0)
==123403==    by 0x4C3AB76: _XrmInitParseInfo (in /usr/lib/x86_64-linux-gnu/libX11.so.6.4.0)
==123403==    by 0x4C240AF: ??? (in /usr/lib/x86_64-linux-gnu/libX11.so.6.4.0)
==123403==    by 0x4C24532: XrmGetStringDatabase (in /usr/lib/x86_64-linux-gnu/libX11.so.6.4.0)
==123403==    by 0x488E0E7: glfwInit (in /usr/lib/x86_64-linux-gnu/libglfw.so.3.3)
==123403==    by 0x10C791: mlx_init (in /home/marcos/Documentos/Programming/C/42/src/so_long/so_long)
==123403==    by 0x10B54D: init_game (game_utils_bonus.c:46)
==123403==    by 0x10A73C: main (so_long_bonus.c:24)
==123403== 
==123403== 80 bytes in 3 blocks are still reachable in loss record 2,526 of 2,572
==123403==    at 0x484DB80: realloc (in /usr/libexec/valgrind/vgpreload_memcheck-amd64-linux.so)
==123403==    by 0x4C37770: ??? (in /usr/lib/x86_64-linux-gnu/libX11.so.6.4.0)
==123403==    by 0x4C3905A: ??? (in /usr/lib/x86_64-linux-gnu/libX11.so.6.4.0)
==123403==    by 0x4C35C3D: _XlcCreateLC (in /usr/lib/x86_64-linux-gnu/libX11.so.6.4.0)
==123403==    by 0x4C57E39: _XlcUtf8Loader (in /usr/lib/x86_64-linux-gnu/libX11.so.6.4.0)
==123403==    by 0x4C3A130: _XOpenLC (in /usr/lib/x86_64-linux-gnu/libX11.so.6.4.0)
==123403==    by 0x4C3AB76: _XrmInitParseInfo (in /usr/lib/x86_64-linux-gnu/libX11.so.6.4.0)
==123403==    by 0x4C240AF: ??? (in /usr/lib/x86_64-linux-gnu/libX11.so.6.4.0)
==123403==    by 0x4C24532: XrmGetStringDatabase (in /usr/lib/x86_64-linux-gnu/libX11.so.6.4.0)
==123403==    by 0x488E0E7: glfwInit (in /usr/lib/x86_64-linux-gnu/libglfw.so.3.3)
==123403==    by 0x10C791: mlx_init (in /home/marcos/Documentos/Programming/C/42/src/so_long/so_long)
==123403==    by 0x10B54D: init_game (game_utils_bonus.c:46)
==123403== 
==123403== 104 bytes in 13 blocks are still reachable in loss record 2,529 of 2,572
==123403==    at 0x4846828: malloc (in /usr/libexec/valgrind/vgpreload_memcheck-amd64-linux.so)
==123403==    by 0x4C37859: ??? (in /usr/lib/x86_64-linux-gnu/libX11.so.6.4.0)
==123403==    by 0x4C3905A: ??? (in /usr/lib/x86_64-linux-gnu/libX11.so.6.4.0)
==123403==    by 0x4C35C3D: _XlcCreateLC (in /usr/lib/x86_64-linux-gnu/libX11.so.6.4.0)
==123403==    by 0x4C57E39: _XlcUtf8Loader (in /usr/lib/x86_64-linux-gnu/libX11.so.6.4.0)
==123403==    by 0x4C3A130: _XOpenLC (in /usr/lib/x86_64-linux-gnu/libX11.so.6.4.0)
==123403==    by 0x4C3AB76: _XrmInitParseInfo (in /usr/lib/x86_64-linux-gnu/libX11.so.6.4.0)
==123403==    by 0x4C240AF: ??? (in /usr/lib/x86_64-linux-gnu/libX11.so.6.4.0)
==123403==    by 0x4C24532: XrmGetStringDatabase (in /usr/lib/x86_64-linux-gnu/libX11.so.6.4.0)
==123403==    by 0x488E0E7: glfwInit (in /usr/lib/x86_64-linux-gnu/libglfw.so.3.3)
==123403==    by 0x10C791: mlx_init (in /home/marcos/Documentos/Programming/C/42/src/so_long/so_long)
==123403==    by 0x10B54D: init_game (game_utils_bonus.c:46)
==123403== 
==123403== 168 bytes in 1 blocks are still reachable in loss record 2,533 of 2,572
==123403==    at 0x4846828: malloc (in /usr/libexec/valgrind/vgpreload_memcheck-amd64-linux.so)
==123403==    by 0x4C33F88: ??? (in /usr/lib/x86_64-linux-gnu/libX11.so.6.4.0)
==123403==    by 0x4C35C1A: _XlcCreateLC (in /usr/lib/x86_64-linux-gnu/libX11.so.6.4.0)
==123403==    by 0x4C57E39: _XlcUtf8Loader (in /usr/lib/x86_64-linux-gnu/libX11.so.6.4.0)
==123403==    by 0x4C3A130: _XOpenLC (in /usr/lib/x86_64-linux-gnu/libX11.so.6.4.0)
==123403==    by 0x4C3AB76: _XrmInitParseInfo (in /usr/lib/x86_64-linux-gnu/libX11.so.6.4.0)
==123403==    by 0x4C240AF: ??? (in /usr/lib/x86_64-linux-gnu/libX11.so.6.4.0)
==123403==    by 0x4C24532: XrmGetStringDatabase (in /usr/lib/x86_64-linux-gnu/libX11.so.6.4.0)
==123403==    by 0x488E0E7: glfwInit (in /usr/lib/x86_64-linux-gnu/libglfw.so.3.3)
==123403==    by 0x10C791: mlx_init (in /home/marcos/Documentos/Programming/C/42/src/so_long/so_long)
==123403==    by 0x10B54D: init_game (game_utils_bonus.c:46)
==123403==    by 0x10A73C: main (so_long_bonus.c:24)
==123403== 
==123403== 176 bytes in 1 blocks are still reachable in loss record 2,534 of 2,572
==123403==    at 0x484D953: calloc (in /usr/libexec/valgrind/vgpreload_memcheck-amd64-linux.so)
==123403==    by 0x4C33F6D: ??? (in /usr/lib/x86_64-linux-gnu/libX11.so.6.4.0)
==123403==    by 0x4C35C1A: _XlcCreateLC (in /usr/lib/x86_64-linux-gnu/libX11.so.6.4.0)
==123403==    by 0x4C57E39: _XlcUtf8Loader (in /usr/lib/x86_64-linux-gnu/libX11.so.6.4.0)
==123403==    by 0x4C3A130: _XOpenLC (in /usr/lib/x86_64-linux-gnu/libX11.so.6.4.0)
==123403==    by 0x4C3AB76: _XrmInitParseInfo (in /usr/lib/x86_64-linux-gnu/libX11.so.6.4.0)
==123403==    by 0x4C240AF: ??? (in /usr/lib/x86_64-linux-gnu/libX11.so.6.4.0)
==123403==    by 0x4C24532: XrmGetStringDatabase (in /usr/lib/x86_64-linux-gnu/libX11.so.6.4.0)
==123403==    by 0x488E0E7: glfwInit (in /usr/lib/x86_64-linux-gnu/libglfw.so.3.3)
==123403==    by 0x10C791: mlx_init (in /home/marcos/Documentos/Programming/C/42/src/so_long/so_long)
==123403==    by 0x10B54D: init_game (game_utils_bonus.c:46)
==123403==    by 0x10A73C: main (so_long_bonus.c:24)
==123403== 
==123403== 384 bytes in 12 blocks are still reachable in loss record 2,547 of 2,572
==123403==    at 0x4846828: malloc (in /usr/libexec/valgrind/vgpreload_memcheck-amd64-linux.so)
==123403==    by 0x4001E04: malloc (rtld-malloc.h:56)
==123403==    by 0x4001E04: _dl_close_worker.part.0 (dl-close.c:354)
==123403==    by 0x40027BD: _dl_close_worker (dl-close.c:120)
==123403==    by 0x40027BD: _dl_close (dl-close.c:793)
==123403==    by 0x400151B: _dl_catch_exception (dl-catch.c:237)
==123403==    by 0x4001668: _dl_catch_error (dl-catch.c:256)
==123403==    by 0x4977C82: _dlerror_run (dlerror.c:138)
==123403==    by 0x49779B5: dlclose@@GLIBC_2.34 (dlclose.c:31)
==123403==    by 0x488809A: ??? (in /usr/lib/x86_64-linux-gnu/libglfw.so.3.3)
==123403==    by 0x10B6D6: mlx_terminate (in /home/marcos/Documentos/Programming/C/42/src/so_long/so_long)
==123403==    by 0x10B4FC: cleanup_and_exit (exit_game_bonus.c:57)
==123403==    by 0x10A763: main (so_long_bonus.c:28)
==123403== 
==123403== 4,096 bytes in 1 blocks are still reachable in loss record 2,566 of 2,572
==123403==    at 0x484D953: calloc (in /usr/libexec/valgrind/vgpreload_memcheck-amd64-linux.so)
==123403==    by 0x4C106D0: _XrmInternalStringToQuark (in /usr/lib/x86_64-linux-gnu/libX11.so.6.4.0)
==123403==    by 0x4C23FC3: XrmInitialize (in /usr/lib/x86_64-linux-gnu/libX11.so.6.4.0)
==123403==    by 0x488E085: glfwInit (in /usr/lib/x86_64-linux-gnu/libglfw.so.3.3)
==123403==    by 0x10C791: mlx_init (in /home/marcos/Documentos/Programming/C/42/src/so_long/so_long)
==123403==    by 0x10B54D: init_game (game_utils_bonus.c:46)
==123403==    by 0x10A73C: main (so_long_bonus.c:24)
==123403== 
==123403== 8,176 bytes in 1 blocks are still reachable in loss record 2,567 of 2,572
==123403==    at 0x4846828: malloc (in /usr/libexec/valgrind/vgpreload_memcheck-amd64-linux.so)
==123403==    by 0x4C0F085: ??? (in /usr/lib/x86_64-linux-gnu/libX11.so.6.4.0)
==123403==    by 0x4C10849: _XrmInternalStringToQuark (in /usr/lib/x86_64-linux-gnu/libX11.so.6.4.0)
==123403==    by 0x4C23FC3: XrmInitialize (in /usr/lib/x86_64-linux-gnu/libX11.so.6.4.0)
==123403==    by 0x488E085: glfwInit (in /usr/lib/x86_64-linux-gnu/libglfw.so.3.3)
==123403==    by 0x10C791: mlx_init (in /home/marcos/Documentos/Programming/C/42/src/so_long/so_long)
==123403==    by 0x10B54D: init_game (game_utils_bonus.c:46)
==123403==    by 0x10A73C: main (so_long_bonus.c:24)
==123403== 
==123403== LEAK SUMMARY:
==123403==    definitely lost: 0 bytes in 0 blocks
==123403==    indirectly lost: 0 bytes in 0 blocks
==123403==      possibly lost: 0 bytes in 0 blocks
==123403==    still reachable: 14,950 bytes in 66 blocks
==123403==         suppressed: 289,293 bytes in 3,284 blocks
==123403== 
==123403== ERROR SUMMARY: 0 errors from 0 contexts (suppressed: 0 from 0)
--123403-- 
--123403-- used_suppression:      1 <insert_a_suppression_name_here> valgrind.supp:70590 suppressed: 73,728 bytes in 1 blocks
--123403-- used_suppression:      1 <insert_a_suppression_name_here> valgrind.supp:70569 suppressed: 49,164 bytes in 1 blocks
--123403-- used_suppression:      1 <insert_a_suppression_name_here> valgrind.supp:70549 suppressed: 15,045 bytes in 12 blocks
--123403-- used_suppression:      1 <insert_a_suppression_name_here> valgrind.supp:70469 suppressed: 8,184 bytes in 11 blocks
--123403-- used_suppression:      1 <insert_a_suppression_name_here> valgrind.supp:70450 suppressed: 8,176 bytes in 1 blocks
--123403-- used_suppression:      1 <insert_a_suppression_name_here> valgrind.supp:70366 suppressed: 4,064 bytes in 1 blocks
--123403-- used_suppression:      1 <insert_a_suppression_name_here> valgrind.supp:70347 suppressed: 3,600 bytes in 50 blocks
--123403-- used_suppression:      1 <insert_a_suppression_name_here> valgrind.supp:70328 suppressed: 3,520 bytes in 88 blocks
--123403-- used_suppression:      2 <insert_a_suppression_name_here> valgrind.supp:70269 suppressed: 2,678 bytes in 55 blocks
--123403-- used_suppression:      3 <insert_a_suppression_name_here> valgrind.supp:70046 suppressed: 3,704 bytes in 21 blocks
--123403-- used_suppression:      2 <insert_a_suppression_name_here> valgrind.supp:70164 suppressed: 2,088 bytes in 2 blocks
--123403-- used_suppression:      2 <insert_a_suppression_name_here> valgrind.supp:70145 suppressed: 1,832 bytes in 2 blocks
--123403-- used_suppression:      2 <insert_a_suppression_name_here> valgrind.supp:70105 suppressed: 2,147 bytes in 170 blocks
--123403-- used_suppression:      2 <insert_a_suppression_name_here> valgrind.supp:70086 suppressed: 2,358 bytes in 176 blocks
--123403-- used_suppression:      2 <insert_a_suppression_name_here> valgrind.supp:68184 suppressed: 1,661 bytes in 99 blocks
--123403-- used_suppression:      1 <insert_a_suppression_name_here> valgrind.supp:67975 suppressed: 800 bytes in 50 blocks
--123403-- used_suppression:      1 <insert_a_suppression_name_here> valgrind.supp:67832 suppressed: 456 bytes in 1 blocks
--123403-- used_suppression:      1 <insert_a_suppression_name_here> valgrind.supp:67812 suppressed: 429 bytes in 12 blocks
--123403-- used_suppression:      1 <insert_a_suppression_name_here> valgrind.supp:67792 suppressed: 429 bytes in 12 blocks
--123403-- used_suppression:      1 <insert_a_suppression_name_here> valgrind.supp:67664 suppressed: 352 bytes in 1 blocks
--123403-- used_suppression:      3 <insert_a_suppression_name_here> valgrind.supp:67481 suppressed: 608 bytes in 3 blocks
--123403-- used_suppression:      2 <insert_a_suppression_name_here> valgrind.supp:67462 suppressed: 416 bytes in 2 blocks
--123403-- used_suppression:      1 <insert_a_suppression_name_here> valgrind.supp:67380 suppressed: 204 bytes in 1 blocks
--123403-- used_suppression:      1 <insert_a_suppression_name_here> valgrind.supp:67281 suppressed: 192 bytes in 1 blocks
--123403-- used_suppression:      1 <insert_a_suppression_name_here> valgrind.supp:67262 suppressed: 192 bytes in 1 blocks
--123403-- used_suppression:      2 <insert_a_suppression_name_here> valgrind.supp:67186 suppressed: 286 bytes in 6 blocks
--123403-- used_suppression:      1 <insert_a_suppression_name_here> valgrind.supp:67145 suppressed: 160 bytes in 1 blocks
--123403-- used_suppression:      1 <insert_a_suppression_name_here> valgrind.supp:67125 suppressed: 160 bytes in 1 blocks
--123403-- used_suppression:      2 <insert_a_suppression_name_here> valgrind.supp:67106 suppressed: 152 bytes in 2 blocks
--123403-- used_suppression:   2440 <insert_a_suppression_name_here> valgrind.supp:67024 suppressed: 100,727 bytes in 2,440 blocks
--123403-- used_suppression:      2 <insert_a_suppression_name_here> valgrind.supp:60896 suppressed: 140 bytes in 8 blocks
--123403-- used_suppression:      8 <insert_a_suppression_name_here> valgrind.supp:70490 suppressed: 323 bytes in 10 blocks
--123403-- used_suppression:      1 <insert_a_suppression_name_here> valgrind.supp:59806 suppressed: 64 bytes in 4 blocks
--123403-- used_suppression:      4 <insert_a_suppression_name_here> valgrind.supp:59724 suppressed: 256 bytes in 4 blocks
--123403-- used_suppression:      1 <insert_a_suppression_name_here> valgrind.supp:56397 suppressed: 54 bytes in 1 blocks
--123403-- used_suppression:      1 <insert_a_suppression_name_here> valgrind.supp:50984 suppressed: 48 bytes in 1 blocks
--123403-- used_suppression:      3 <insert_a_suppression_name_here> valgrind.supp:40509 suppressed: 110 bytes in 3 blocks
--123403-- used_suppression:      2 <insert_a_suppression_name_here> valgrind.supp:27332 suppressed: 76 bytes in 2 blocks
--123403-- used_suppression:     14 <insert_a_suppression_name_here> valgrind.supp:16071 suppressed: 393 bytes in 14 blocks
--123403-- used_suppression:      3 <insert_a_suppression_name_here> valgrind.supp:13560 suppressed: 90 bytes in 3 blocks
--123403-- used_suppression:      1 <insert_a_suppression_name_here> valgrind.supp:11174 suppressed: 32 bytes in 1 blocks
--123403-- used_suppression:      1 <insert_a_suppression_name_here> valgrind.supp:11155 suppressed: 32 bytes in 1 blocks
--123403-- used_suppression:      1 <insert_a_suppression_name_here> valgrind.supp:10912 suppressed: 32 bytes in 1 blocks
--123403-- used_suppression:      2 <insert_a_suppression_name_here> valgrind.supp:3609 suppressed: 49 bytes in 2 blocks
--123403-- used_suppression:      1 <insert_a_suppression_name_here> valgrind.supp:1276 suppressed: 22 bytes in 1 blocks
--123403-- used_suppression:      2 <insert_a_suppression_name_here> valgrind.supp:460 suppressed: 36 bytes in 2 blocks
--123403-- used_suppression:      1 <insert_a_suppression_name_here> valgrind.supp:378 suppressed: 18 bytes in 1 blocks
--123403-- used_suppression:      1 <insert_a_suppression_name_here> valgrind.supp:2 suppressed: 6 bytes in 1 blocks
==123403== 
==123403== ERROR SUMMARY: 0 errors from 0 contexts (suppressed: 0 from 0)
